C:\Program Files (x86)\MSBuild\Microsoft.Cpp\v4.0\V140\Microsoft.CppBuild.targets(392,5): warning MSB8028: The intermediate directory (Debug\) contains files shared from another project (UNO HITO 1.vcxproj).  This can lead to incorrect clean and rebuild behavior.
  MyForm.cpp
c:\users\yturrizaga_family\documents\visual studio 2015\projects\trabajo final programacion\uno hito 1\cCartas.h(152): warning C4244: 'argument': conversion from 'double' to 'int', possible loss of data
c:\users\yturrizaga_family\documents\visual studio 2015\projects\trabajo final programacion\uno hito 1\cCartas.h(181): warning C4244: 'argument': conversion from 'double' to 'int', possible loss of data
c:\users\yturrizaga_family\documents\visual studio 2015\projects\trabajo final programacion\uno hito 1\cCartas.h(210): warning C4244: 'argument': conversion from 'double' to 'int', possible loss of data
c:\users\yturrizaga_family\documents\visual studio 2015\projects\trabajo final programacion\uno hito 1\cCartas.h(237): warning C4244: 'argument': conversion from 'double' to 'int', possible loss of data
c:\users\yturrizaga_family\documents\visual studio 2015\projects\trabajo final programacion\uno hito 1\cCartas.h(245): warning C4244: 'argument': conversion from 'double' to 'int', possible loss of data
c:\users\yturrizaga_family\documents\visual studio 2015\projects\trabajo final programacion\uno hito 1\cCartas.h(255): warning C4244: 'argument': conversion from 'double' to 'int', possible loss of data
c:\users\yturrizaga_family\documents\visual studio 2015\projects\trabajo final programacion\uno hito 1\cCartas.h(309): warning C4244: 'argument': conversion from 'double' to 'int', possible loss of data
c:\users\yturrizaga_family\documents\visual studio 2015\projects\trabajo final programacion\uno hito 1\cCartas.h(339): warning C4244: 'argument': conversion from 'double' to 'int', possible loss of data
c:\users\yturrizaga_family\documents\visual studio 2015\projects\trabajo final programacion\uno hito 1\cCartas.h(368): warning C4244: 'argument': conversion from 'double' to 'int', possible loss of data
c:\users\yturrizaga_family\documents\visual studio 2015\projects\trabajo final programacion\uno hito 1\cCartas.h(396): warning C4244: 'argument': conversion from 'double' to 'int', possible loss of data
c:\users\yturrizaga_family\documents\visual studio 2015\projects\trabajo final programacion\uno hito 1\cCartas.h(404): warning C4244: 'argument': conversion from 'double' to 'int', possible loss of data
c:\users\yturrizaga_family\documents\visual studio 2015\projects\trabajo final programacion\uno hito 1\cMaso.h(12): warning C4244: 'return': conversion from 'double' to 'int', possible loss of data
c:\users\yturrizaga_family\documents\visual studio 2015\projects\trabajo final programacion\uno hito 1\cMaso.h(151): warning C4244: 'argument': conversion from 'double' to 'int', possible loss of data
c:\users\yturrizaga_family\documents\visual studio 2015\projects\trabajo final programacion\uno hito 1\cMaso.h(152): warning C4244: 'argument': conversion from 'double' to 'int', possible loss of data
c:\users\yturrizaga_family\documents\visual studio 2015\projects\trabajo final programacion\uno hito 1\cMaso.h(194): warning C4244: 'argument': conversion from 'time_t' to 'unsigned int', possible loss of data
c:\users\yturrizaga_family\documents\visual studio 2015\projects\trabajo final programacion\uno hito 1\cMaso.h(195): warning C4101: 'tempcard': unreferenced local variable
c:\users\yturrizaga_family\documents\visual studio 2015\projects\trabajo final programacion\uno hito 1\cJugador.h(97): warning C4244: '=': conversion from 'double' to 'int', possible loss of data
c:\users\yturrizaga_family\documents\visual studio 2015\projects\trabajo final programacion\uno hito 1\cJugador.h(200): warning C4244: 'argument': conversion from 'double' to 'float', possible loss of data
c:\users\yturrizaga_family\documents\visual studio 2015\projects\trabajo final programacion\uno hito 1\cJugador.h(200): warning C4244: 'argument': conversion from 'int' to 'float', possible loss of data
c:\users\yturrizaga_family\documents\visual studio 2015\projects\trabajo final programacion\uno hito 1\cPozo.h(134): warning C4244: 'argument': conversion from 'double' to 'int', possible loss of data
c:\users\yturrizaga_family\documents\visual studio 2015\projects\trabajo final programacion\uno hito 1\cPozo.h(142): warning C4244: 'argument': conversion from 'double' to 'int', possible loss of data
c:\users\yturrizaga_family\documents\visual studio 2015\projects\trabajo final programacion\uno hito 1\cPozo.h(159): warning C4018: '<': signed/unsigned mismatch
c:\users\yturrizaga_family\documents\visual studio 2015\projects\trabajo final programacion\uno hito 1\cJuego.h(43): warning C4244: 'argument': conversion from 'double' to 'int', possible loss of data
c:\users\yturrizaga_family\documents\visual studio 2015\projects\trabajo final programacion\uno hito 1\cJuego.h(44): warning C4244: 'argument': conversion from 'double' to 'int', possible loss of data
c:\users\yturrizaga_family\documents\visual studio 2015\projects\trabajo final programacion\uno hito 1\cJuego.h(54): warning C4244: 'argument': conversion from 'double' to 'int', possible loss of data
c:\users\yturrizaga_family\documents\visual studio 2015\projects\trabajo final programacion\uno hito 1\cJuego.h(57): warning C4018: '<': signed/unsigned mismatch
c:\users\yturrizaga_family\documents\visual studio 2015\projects\trabajo final programacion\uno hito 1\cJuego.h(79): warning C4244: 'argument': conversion from 'double' to 'int', possible loss of data
c:\users\yturrizaga_family\documents\visual studio 2015\projects\trabajo final programacion\uno hito 1\cJuego.h(101): warning C4244: 'argument': conversion from 'double' to 'int', possible loss of data
c:\users\yturrizaga_family\documents\visual studio 2015\projects\trabajo final programacion\uno hito 1\cJuego.h(123): warning C4244: 'argument': conversion from 'double' to 'int', possible loss of data
c:\users\yturrizaga_family\documents\visual studio 2015\projects\trabajo final programacion\uno hito 1\cJuego.h(129): warning C4244: 'argument': conversion from 'double' to 'int', possible loss of data
c:\users\yturrizaga_family\documents\visual studio 2015\projects\trabajo final programacion\uno hito 1\cJuego.h(140): warning C4018: '<': signed/unsigned mismatch
c:\users\yturrizaga_family\documents\visual studio 2015\projects\trabajo final programacion\uno hito 1\cJuego.h(154): warning C4244: 'argument': conversion from 'double' to 'float', possible loss of data
c:\users\yturrizaga_family\documents\visual studio 2015\projects\trabajo final programacion\uno hito 1\cJuego.h(154): warning C4244: 'argument': conversion from 'int' to 'float', possible loss of data
c:\users\yturrizaga_family\documents\visual studio 2015\projects\trabajo final programacion\uno hito 1\cJuego.h(162): warning C4018: '<': signed/unsigned mismatch
c:\users\yturrizaga_family\documents\visual studio 2015\projects\trabajo final programacion\uno hito 1\cJuego.h(166): warning C4244: 'argument': conversion from 'int' to 'float', possible loss of data
c:\users\yturrizaga_family\documents\visual studio 2015\projects\trabajo final programacion\uno hito 1\cJuego.h(175): warning C4244: '=': conversion from 'double' to 'int', possible loss of data
c:\users\yturrizaga_family\documents\visual studio 2015\projects\trabajo final programacion\uno hito 1\cJuego.h(179): warning C4018: '<': signed/unsigned mismatch
c:\users\yturrizaga_family\documents\visual studio 2015\projects\trabajo final programacion\uno hito 1\cJuego.h(181): warning C4244: 'argument': conversion from 'int' to 'float', possible loss of data
c:\users\yturrizaga_family\documents\visual studio 2015\projects\trabajo final programacion\uno hito 1\cJuego.h(181): warning C4244: 'argument': conversion from 'double' to 'float', possible loss of data
c:\users\yturrizaga_family\documents\visual studio 2015\projects\trabajo final programacion\uno hito 1\cJuego.h(192): warning C4244: 'argument': conversion from 'double' to 'float', possible loss of data
c:\users\yturrizaga_family\documents\visual studio 2015\projects\trabajo final programacion\uno hito 1\cJuego.h(216): warning C4244: 'argument': conversion from 'double' to 'int', possible loss of data
c:\users\yturrizaga_family\documents\visual studio 2015\projects\trabajo final programacion\uno hito 1\cJuego.h(241): warning C4244: 'argument': conversion from 'double' to 'int', possible loss of data
c:\users\yturrizaga_family\documents\visual studio 2015\projects\trabajo final programacion\uno hito 1\cJuego.h(265): warning C4244: 'argument': conversion from 'int' to 'float', possible loss of data
c:\users\yturrizaga_family\documents\visual studio 2015\projects\trabajo final programacion\uno hito 1\cJuego.h(266): warning C4244: 'argument': conversion from 'double' to 'float', possible loss of data
c:\users\yturrizaga_family\documents\visual studio 2015\projects\trabajo final programacion\uno hito 1\cJuego.h(266): warning C4244: 'argument': conversion from 'int' to 'float', possible loss of data
c:\users\yturrizaga_family\documents\visual studio 2015\projects\trabajo final programacion\uno hito 1\cJuego.h(282): warning C4244: 'argument': conversion from 'int' to 'float', possible loss of data
c:\users\yturrizaga_family\documents\visual studio 2015\projects\trabajo final programacion\uno hito 1\cJuego.h(283): warning C4244: 'argument': conversion from 'double' to 'float', possible loss of data
c:\users\yturrizaga_family\documents\visual studio 2015\projects\trabajo final programacion\uno hito 1\cJuego.h(283): warning C4244: 'argument': conversion from 'int' to 'float', possible loss of data
c:\users\yturrizaga_family\documents\visual studio 2015\projects\trabajo final programacion\uno hito 1\cJuego.h(351): warning C4018: '<': signed/unsigned mismatch
c:\users\yturrizaga_family\documents\visual studio 2015\projects\trabajo final programacion\uno hito 1\cJuego.h(362): warning C4018: '<': signed/unsigned mismatch
c:\users\yturrizaga_family\documents\visual studio 2015\projects\trabajo final programacion\uno hito 1\cJuego.h(374): warning C4018: '<': signed/unsigned mismatch
c:\users\yturrizaga_family\documents\visual studio 2015\projects\trabajo final programacion\uno hito 1\cJuego.h(405): warning C4244: 'argument': conversion from 'double' to 'int', possible loss of data
c:\users\yturrizaga_family\documents\visual studio 2015\projects\trabajo final programacion\uno hito 1\cJuego.h(431): warning C4244: 'argument': conversion from 'int' to 'float', possible loss of data
c:\users\yturrizaga_family\documents\visual studio 2015\projects\trabajo final programacion\uno hito 1\cJuego.h(432): warning C4244: 'argument': conversion from 'int' to 'float', possible loss of data
c:\users\yturrizaga_family\documents\visual studio 2015\projects\trabajo final programacion\uno hito 1\cJuego.h(432): warning C4244: 'argument': conversion from 'double' to 'float', possible loss of data
c:\users\yturrizaga_family\documents\visual studio 2015\projects\trabajo final programacion\uno hito 1\cJuego.h(448): warning C4244: 'argument': conversion from 'double' to 'float', possible loss of data
c:\users\yturrizaga_family\documents\visual studio 2015\projects\trabajo final programacion\uno hito 1\cJuego.h(448): warning C4244: 'argument': conversion from 'int' to 'float', possible loss of data
c:\users\yturrizaga_family\documents\visual studio 2015\projects\trabajo final programacion\uno hito 1\MyForm.h(57): warning C4244: 'argument': conversion from 'double' to 'int', possible loss of data
c:\users\yturrizaga_family\documents\visual studio 2015\projects\trabajo final programacion\uno hito 1\MyForm.h(58): warning C4244: 'argument': conversion from 'double' to 'int', possible loss of data
c:\users\yturrizaga_family\documents\visual studio 2015\projects\trabajo final programacion\uno hito 1\MyForm.h(59): warning C4244: 'argument': conversion from 'double' to 'int', possible loss of data
c:\users\yturrizaga_family\documents\visual studio 2015\projects\trabajo final programacion\uno hito 1\MyForm.h(948): warning C4244: 'argument': conversion from 'double' to 'int', possible loss of data
c:\users\yturrizaga_family\documents\visual studio 2015\projects\trabajo final programacion\uno hito 1\MyForm.h(1092): warning C4244: 'argument': conversion from 'int' to 'float', possible loss of data
c:\users\yturrizaga_family\documents\visual studio 2015\projects\trabajo final programacion\uno hito 1\MyForm.h(1140): warning C4244: 'argument': conversion from 'int' to 'float', possible loss of data
c:\users\yturrizaga_family\documents\visual studio 2015\projects\trabajo final programacion\uno hito 1\MyForm.h(1188): warning C4244: 'argument': conversion from 'int' to 'float', possible loss of data
c:\users\yturrizaga_family\documents\visual studio 2015\projects\trabajo final programacion\uno hito 1\MyForm.h(1282): warning C4244: 'argument': conversion from 'int' to 'float', possible loss of data
c:\users\yturrizaga_family\documents\visual studio 2015\projects\trabajo final programacion\uno hito 1\MyForm.h(1282): warning C4244: 'argument': conversion from 'double' to 'float', possible loss of data
c:\users\yturrizaga_family\documents\visual studio 2015\projects\trabajo final programacion\uno hito 1\cjugador.h(104): warning C4715: 'cJugador::verifyTime': not all control paths return a value
c:\users\yturrizaga_family\documents\visual studio 2015\projects\trabajo final programacion\uno hito 1\cpozo.h(185): warning C4715: 'cPozo::verify': not all control paths return a value
c:\users\yturrizaga_family\documents\visual studio 2015\projects\trabajo final programacion\uno hito 1\cjugador.h(225): warning C4172: returning address of local variable or temporary
c:\users\yturrizaga_family\documents\visual studio 2015\projects\trabajo final programacion\uno hito 1\cjuego.h(383): warning C4715: 'cJuego::verifyPartida': not all control paths return a value
c:\users\yturrizaga_family\documents\visual studio 2015\projects\trabajo final programacion\uno hito 1\cmaso.h(213): warning C4715: 'cMazo::repartirNumberCard': not all control paths return a value
c:\users\yturrizaga_family\documents\visual studio 2015\projects\trabajo final programacion\uno hito 1\cpozo.h(57): warning C4715: 'cPozo::ValidarJugada': not all control paths return a value
c:\users\yturrizaga_family\documents\visual studio 2015\projects\trabajo final programacion\uno hito 1\cpozo.h(69): warning C4715: 'cPozo::ValidarRobaDos': not all control paths return a value
c:\users\yturrizaga_family\documents\visual studio 2015\projects\trabajo final programacion\uno hito 1\cpozo.h(81): warning C4715: 'cPozo::ValidarCambioSentido': not all control paths return a value
c:\users\yturrizaga_family\documents\visual studio 2015\projects\trabajo final programacion\uno hito 1\cpozo.h(109): warning C4715: 'cPozo::ValidarPierdeTurno': not all control paths return a value
c:\users\yturrizaga_family\documents\visual studio 2015\projects\trabajo final programacion\uno hito 1\cpozo.h(118): warning C4715: 'cPozo::ValidarComodin': not all control paths return a value
c:\users\yturrizaga_family\documents\visual studio 2015\projects\trabajo final programacion\uno hito 1\cpozo.h(126): warning C4715: 'cPozo::ValidarComodinRoba4': not all control paths return a value
c:\users\yturrizaga_family\documents\visual studio 2015\projects\trabajo final programacion\uno hito 1\cpozo.h(237): warning C4715: 'cPozo::verifyBeginning': not all control paths return a value
c:\users\yturrizaga_family\documents\visual studio 2015\projects\trabajo final programacion\uno hito 1\cjuego.h(211): warning C4715: 'cJuego::validateMazoCard': not all control paths return a value
  MyForm.obj : /DEBUG:FASTLINK is not supported when managed code is present; restarting link with /DEBUG:FULL
  UNO HITO 1.vcxproj -> C:\Users\yturrizaga_family\Documents\Visual Studio 2015\Projects\trabajo final Programacion\Debug\UNO MOTHAF.exe
  UNO HITO 1.vcxproj -> C:\Users\yturrizaga_family\Documents\Visual Studio 2015\Projects\trabajo final Programacion\Debug\UNO MOTHAF.pdb (Partial PDB)
